<?xml version="1.0" encoding="UTF-8"?>
<!-- Generated by org.testng.reporters.JUnitXMLReporter -->
<testsuite ignored="1" hostname="EC2AMAZ-S11DBRH" failures="1" tests="1" name="ModuleOneTest(failed)" time="5.529" errors="0" timestamp="2024-04-26T04:45:41 GMT">
  <testcase classname="testngScripts.GooglePagetest" name="seleniumSearchTest" time="1.413">
    <failure type="java.lang.AssertionError" message="expected [Selenium Tutorial - Google Search] but found []">
      <![CDATA[java.lang.AssertionError: expected [Selenium Tutorial - Google Search] but found []
at testngScripts.GooglePagetest.seleniumSearchTest(GooglePagetest.java:54)
at java.base/java.util.ArrayList.forEach(ArrayList.java:1511)
... Removed 33 stack frames]]>
    </failure>
  </testcase> <!-- seleniumSearchTest -->
  <testcase classname="testngScripts.GooglePagetest" name="javaSearchTest" time="0.0">
    <ignored/>
  </testcase> <!-- javaSearchTest -->
</testsuite> <!-- ModuleOneTest(failed) -->
