<?xml version="1.0" encoding="UTF-8"?>
<!-- Generated by org.testng.reporters.JUnitReportReporter -->
<testsuite hostname="EC2AMAZ-S11DBRH" failures="1" tests="7" name="testngScripts.GooglePagetest" time="33.411" errors="0" timestamp="2024-04-29T20:29:11 GMT" skipped="3">
  <testcase classname="testngScripts.GooglePagetest" name="seleniumSearchTest" time="5.376">
    <skipped/>
  </testcase> <!-- seleniumSearchTest -->
  <system-out/>
  <testcase classname="testngScripts.GooglePagetest" name="seleniumSearchTest" time="4.640">
    <skipped/>
  </testcase> <!-- seleniumSearchTest -->
  <system-out/>
  <testcase classname="testngScripts.GooglePagetest" name="cucumberSearchTest" time="4.630"/>
  <system-out/>
  <testcase classname="testngScripts.GooglePagetest" name="appiumSearchTest" time="4.716"/>
  <system-out/>
  <testcase classname="testngScripts.GooglePagetest" name="javaSearchTest" time="4.531"/>
  <system-out/>
  <testcase classname="testngScripts.GooglePagetest" name="seleniumSearchTest" time="4.866">
    <failure message="expected [Selenium Tutorial1 - Google Search] but found [Selenium Tutorial - Google Search]" type="java.lang.AssertionError">
      <![CDATA[java.lang.AssertionError: expected [Selenium Tutorial1 - Google Search] but found [Selenium Tutorial - Google Search]
at org.testng.Assert.fail(Assert.java:99)
at org.testng.Assert.failNotEquals(Assert.java:1037)
at org.testng.Assert.assertEqualsImpl(Assert.java:140)
at org.testng.Assert.assertEquals(Assert.java:122)
at org.testng.Assert.assertEquals(Assert.java:629)
at org.testng.Assert.assertEquals(Assert.java:639)
at testngScripts.GooglePagetest.seleniumSearchTest(GooglePagetest.java:107)
at java.base/jdk.internal.reflect.NativeMethodAccessorImpl.invoke0(Native Method)
at java.base/jdk.internal.reflect.NativeMethodAccessorImpl.invoke(NativeMethodAccessorImpl.java:78)
at java.base/jdk.internal.reflect.DelegatingMethodAccessorImpl.invoke(DelegatingMethodAccessorImpl.java:43)
at java.base/java.lang.reflect.Method.invoke(Method.java:567)
at org.testng.internal.MethodInvocationHelper.invokeMethod(MethodInvocationHelper.java:132)
at org.testng.internal.TestInvoker.invokeMethod(TestInvoker.java:599)
at org.testng.internal.TestInvoker.retryFailed(TestInvoker.java:214)
at org.testng.internal.MethodRunner.runInSequence(MethodRunner.java:58)
at org.testng.internal.TestInvoker$MethodInvocationAgent.invoke(TestInvoker.java:822)
at org.testng.internal.TestInvoker.invokeTestMethods(TestInvoker.java:147)
at org.testng.internal.TestMethodWorker.invokeTestMethods(TestMethodWorker.java:146)
at org.testng.internal.TestMethodWorker.run(TestMethodWorker.java:128)
at java.base/java.util.ArrayList.forEach(ArrayList.java:1511)
at org.testng.TestRunner.privateRun(TestRunner.java:764)
at org.testng.TestRunner.run(TestRunner.java:585)
at org.testng.SuiteRunner.runTest(SuiteRunner.java:384)
at org.testng.SuiteRunner.runSequentially(SuiteRunner.java:378)
at org.testng.SuiteRunner.privateRun(SuiteRunner.java:337)
at org.testng.SuiteRunner.run(SuiteRunner.java:286)
at org.testng.SuiteRunnerWorker.runSuite(SuiteRunnerWorker.java:53)
at org.testng.SuiteRunnerWorker.run(SuiteRunnerWorker.java:96)
at org.testng.TestNG.runSuitesSequentially(TestNG.java:1218)
at org.testng.TestNG.runSuitesLocally(TestNG.java:1140)
at org.testng.TestNG.runSuites(TestNG.java:1069)
at org.testng.TestNG.run(TestNG.java:1037)
at org.testng.remote.AbstractRemoteTestNG.run(AbstractRemoteTestNG.java:115)
at org.testng.remote.RemoteTestNG.initAndRun(RemoteTestNG.java:251)
at org.testng.remote.RemoteTestNG.main(RemoteTestNG.java:77)
]]>
    </failure>
  </testcase> <!-- seleniumSearchTest -->
  <system-out/>
  <testcase classname="testngScripts.GooglePagetest" name="seleniumSearchTest" time="4.652">
    <skipped/>
  </testcase> <!-- seleniumSearchTest -->
  <system-out/>
</testsuite> <!-- testngScripts.GooglePagetest -->
